#
# There is insufficient memory for the Java Runtime Environment to continue.
# Native memory allocation (mmap) failed to map 125829120 bytes for Failed to commit area from 0x0000000089400000 to 0x0000000090c00000 of length 125829120.
# Possible reasons:
#   The system is out of physical RAM or swap space
#   The process is running with CompressedOops enabled, and the Java Heap may be blocking the growth of the native heap
# Possible solutions:
#   Reduce memory load on the system
#   Increase physical memory or swap space
#   Check if swap backing store is full
#   Decrease Java heap size (-Xmx/-Xms)
#   Decrease number of Java threads
#   Decrease Java thread stack sizes (-Xss)
#   Set larger code cache with -XX:ReservedCodeCacheSize=
# This output file may be truncated or incomplete.
#
#  Out of Memory Error (./src/hotspot/os/windows/os_windows.cpp:3387), pid=2172, tid=7232
#
# JRE version:  (11.0.14.1+1) (build )
# Java VM: OpenJDK 64-Bit Server VM (11.0.14.1+1, mixed mode, sharing, tiered, compressed oops, g1 gc, windows-amd64)
# No core dump will be written. Minidumps are not enabled by default on client versions of Windows
#

---------------  S U M M A R Y ------------

Command Line: -Dfile.encoding=UTF-8 

Host: AMD Ryzen 7 4800H with Radeon Graphics         , 16 cores, 7G,  Windows 11 , 64 bit Build 22621 (10.0.22621.2506)
Time: Wed Jan 10 10:07:29 2024 India Standard Time elapsed time: 0.014571 seconds (0d 0h 0m 0s)

---------------  T H R E A D  ---------------

Current thread (0x000001d5ec6e8800):  JavaThread "Unknown thread" [_thread_in_vm, id=7232, stack(0x000000369f200000,0x000000369f300000)]

Stack: [0x000000369f200000,0x000000369f300000]
Native frames: (J=compiled Java code, j=interpreted, Vv=VM code, C=native code)
V  [jvm.dll+0x61e59a]
V  [jvm.dll+0x7aaca9]
V  [jvm.dll+0x7ac398]
V  [jvm.dll+0x7aca73]
V  [jvm.dll+0x24f9b8]
V  [jvm.dll+0x61b83a]
V  [jvm.dll+0x6100c5]
V  [jvm.dll+0x30772c]
V  [jvm.dll+0x3075b2]
V  [jvm.dll+0x30c2d6]
V  [jvm.dll+0x35272f]
V  [jvm.dll+0x352160]
V  [jvm.dll+0x2e4728]
V  [jvm.dll+0x2e5886]
V  [jvm.dll+0x784b07]
V  [jvm.dll+0x78628f]
V  [jvm.dll+0x35f479]
V  [jvm.dll+0x767aa0]
V  [jvm.dll+0x3ccf1f]
V  [jvm.dll+0x3cf2b1]
C  [jli.dll+0x5207]
C  [ucrtbase.dll+0x29363]
C  [KERNEL32.DLL+0x1257d]
C  [ntdll.dll+0x5aa58]


---------------  P R O C E S S  ---------------

Threads class SMR info:
_java_thread_list=0x000001d5ea57a930, length=0, elements={
}

Java Threads: ( => current thread )

Other Threads:
  0x000001d5ec703000 GCTaskThread "GC Thread#0" [stack: 0x000000369f300000,0x000000369f400000] [id=24916]
  0x000001d5ec734800 ConcurrentGCThread "G1 Main Marker" [stack: 0x000000369f400000,0x000000369f500000] [id=7304]
  0x000001d5ec737000 ConcurrentGCThread "G1 Conc#0" [stack: 0x000000369f500000,0x000000369f600000] [id=328]

[error occurred during error reporting (printing all threads), id 0xc0000005, EXCEPTION_ACCESS_VIOLATION (0xc0000005) at pc=0x00007ffd11753ef7]

VM state:not at safepoint (not fully initialized)

VM Mutex/Monitor currently owned by a thread:  ([mutex/lock_event])
[0x000001d5ea575b60] Heap_lock - owner thread: 0x000001d5ec6e8800

Heap address: 0x0000000089400000, size: 1900 MB, Compressed Oops mode: Non-zero based: 0x0000000089400000
Narrow klass base: 0x0000000000000000, Narrow klass shift: 0

GC Heap History (0 events):
No events

Deoptimization events (0 events):
No events

Classes redefined (0 events):
No events

Internal exceptions (0 events):
No events

Events (1 events):
Event: 0.009 Loaded shared library C:\Program Files\Unity\Hub\Editor\2022.3.16f1\Editor\Data\PlaybackEngines\AndroidPlayer\OpenJDK\bin\zip.dll


Dynamic libraries:
0x00007ff7e3320000 - 0x00007ff7e332d000 	C:\Program Files\Unity\Hub\Editor\2022.3.16f1\Editor\Data\PlaybackEngines\AndroidPlayer\OpenJDK\bin\java.exe
0x00007ffd5d8b0000 - 0x00007ffd5dac7000 	C:\WINDOWS\SYSTEM32\ntdll.dll
0x00007ffd5b950000 - 0x00007ffd5ba14000 	C:\WINDOWS\System32\KERNEL32.DLL
0x00007ffd5ace0000 - 0x00007ffd5b086000 	C:\WINDOWS\System32\KERNELBASE.dll
0x00007ffd5b130000 - 0x00007ffd5b241000 	C:\WINDOWS\System32\ucrtbase.dll
0x00007ffd55870000 - 0x00007ffd55887000 	C:\Program Files\Unity\Hub\Editor\2022.3.16f1\Editor\Data\PlaybackEngines\AndroidPlayer\OpenJDK\bin\jli.dll
0x00007ffd5c990000 - 0x00007ffd5cb3e000 	C:\WINDOWS\System32\USER32.dll
0x00007ffd51d30000 - 0x00007ffd51d45000 	C:\Program Files\Unity\Hub\Editor\2022.3.16f1\Editor\Data\PlaybackEngines\AndroidPlayer\OpenJDK\bin\VCRUNTIME140.dll
0x00007ffd5b250000 - 0x00007ffd5b276000 	C:\WINDOWS\System32\win32u.dll
0x00007ffd48e80000 - 0x00007ffd49113000 	C:\WINDOWS\WinSxS\amd64_microsoft.windows.common-controls_6595b64144ccf1df_6.0.22621.2506_none_270c5ae97388e100\COMCTL32.dll
0x00007ffd5c390000 - 0x00007ffd5c3b9000 	C:\WINDOWS\System32\GDI32.dll
0x00007ffd5b280000 - 0x00007ffd5b398000 	C:\WINDOWS\System32\gdi32full.dll
0x00007ffd5c620000 - 0x00007ffd5c6c7000 	C:\WINDOWS\System32\msvcrt.dll
0x00007ffd5b090000 - 0x00007ffd5b12a000 	C:\WINDOWS\System32\msvcp_win.dll
0x00007ffd5c3c0000 - 0x00007ffd5c3f1000 	C:\WINDOWS\System32\IMM32.DLL
0x00007ffd11ff0000 - 0x00007ffd1208b000 	C:\Program Files\Unity\Hub\Editor\2022.3.16f1\Editor\Data\PlaybackEngines\AndroidPlayer\OpenJDK\bin\msvcp140.dll
0x00007ffd11460000 - 0x00007ffd11fe1000 	C:\Program Files\Unity\Hub\Editor\2022.3.16f1\Editor\Data\PlaybackEngines\AndroidPlayer\OpenJDK\bin\server\jvm.dll
0x00007ffd5c500000 - 0x00007ffd5c5b1000 	C:\WINDOWS\System32\ADVAPI32.dll
0x00007ffd5bc40000 - 0x00007ffd5bce5000 	C:\WINDOWS\System32\sechost.dll
0x00007ffd5b710000 - 0x00007ffd5b827000 	C:\WINDOWS\System32\RPCRT4.dll
0x00007ffd5b600000 - 0x00007ffd5b608000 	C:\WINDOWS\System32\PSAPI.DLL
0x00007ffd39ab0000 - 0x00007ffd39ab9000 	C:\WINDOWS\SYSTEM32\WSOCK32.dll
0x00007ffd54610000 - 0x00007ffd54644000 	C:\WINDOWS\SYSTEM32\WINMM.dll
0x00007ffd532b0000 - 0x00007ffd532ba000 	C:\WINDOWS\SYSTEM32\VERSION.dll
0x00007ffd5c480000 - 0x00007ffd5c4f1000 	C:\WINDOWS\System32\WS2_32.dll
0x00007ffd59c20000 - 0x00007ffd59c38000 	C:\WINDOWS\SYSTEM32\kernel.appcore.dll
0x00007ffd561f0000 - 0x00007ffd56200000 	C:\Program Files\Unity\Hub\Editor\2022.3.16f1\Editor\Data\PlaybackEngines\AndroidPlayer\OpenJDK\bin\verify.dll
0x00007ffd52580000 - 0x00007ffd527b3000 	C:\WINDOWS\SYSTEM32\DBGHELP.DLL
0x00007ffd5bd00000 - 0x00007ffd5c089000 	C:\WINDOWS\System32\combase.dll
0x00007ffd5c1f0000 - 0x00007ffd5c2c7000 	C:\WINDOWS\System32\OLEAUT32.dll
0x00007ffd510d0000 - 0x00007ffd51102000 	C:\WINDOWS\SYSTEM32\dbgcore.DLL
0x00007ffd5b510000 - 0x00007ffd5b58a000 	C:\WINDOWS\System32\bcryptPrimitives.dll
0x00007ffd11430000 - 0x00007ffd11458000 	C:\Program Files\Unity\Hub\Editor\2022.3.16f1\Editor\Data\PlaybackEngines\AndroidPlayer\OpenJDK\bin\java.dll
0x00007ffd51d20000 - 0x00007ffd51d2a000 	C:\Program Files\Unity\Hub\Editor\2022.3.16f1\Editor\Data\PlaybackEngines\AndroidPlayer\OpenJDK\bin\jimage.dll
0x00007ffd49370000 - 0x00007ffd49388000 	C:\Program Files\Unity\Hub\Editor\2022.3.16f1\Editor\Data\PlaybackEngines\AndroidPlayer\OpenJDK\bin\zip.dll

dbghelp: loaded successfully - version: 4.0.5 - missing functions: none
symbol engine: initialized successfully - sym options: 0x614 - pdb path: .;C:\Program Files\Unity\Hub\Editor\2022.3.16f1\Editor\Data\PlaybackEngines\AndroidPlayer\OpenJDK\bin;C:\WINDOWS\SYSTEM32;C:\WINDOWS\WinSxS\amd64_microsoft.windows.common-controls_6595b64144ccf1df_6.0.22621.2506_none_270c5ae97388e100;C:\Program Files\Unity\Hub\Editor\2022.3.16f1\Editor\Data\PlaybackEngines\AndroidPlayer\OpenJDK\bin\server

VM Arguments:
jvm_args: -Dfile.encoding=UTF-8 
java_command: <unknown>
java_class_path (initial): <not set>
Launcher Type: SUN_STANDARD

[Global flags]
     intx CICompilerCount                          = 12                                        {product} {ergonomic}
     uint ConcGCThreads                            = 3                                         {product} {ergonomic}
     uint G1ConcRefinementThreads                  = 13                                        {product} {ergonomic}
   size_t G1HeapRegionSize                         = 1048576                                   {product} {ergonomic}
    uintx GCDrainStackTargetSize                   = 64                                        {product} {ergonomic}
   size_t InitialHeapSize                          = 125829120                                 {product} {ergonomic}
   size_t MarkStackSize                            = 4194304                                   {product} {ergonomic}
   size_t MaxHeapSize                              = 1992294400                                {product} {ergonomic}
   size_t MinHeapDeltaBytes                        = 1048576                                   {product} {ergonomic}
    uintx NonNMethodCodeHeapSize                   = 7594288                                {pd product} {ergonomic}
    uintx NonProfiledCodeHeapSize                  = 122031976                              {pd product} {ergonomic}
    uintx ProfiledCodeHeapSize                     = 122031976                              {pd product} {ergonomic}
    uintx ReservedCodeCacheSize                    = 251658240                              {pd product} {ergonomic}
     bool SegmentedCodeCache                       = true                                      {product} {ergonomic}
     bool UseCompressedClassPointers               = true                                 {lp64_product} {ergonomic}
     bool UseCompressedOops                        = true                                 {lp64_product} {ergonomic}
     bool UseG1GC                                  = true                                      {product} {ergonomic}
     bool UseLargePagesIndividualAllocation        = false                                  {pd product} {ergonomic}

Logging:
Log output configuration:
 #0: stdout all=warning uptime,level,tags
 #1: stderr all=off uptime,level,tags

Environment Variables:
JAVA_HOME=C:\Program Files\Unity\Hub\Editor\2022.3.16f1\Editor\Data\PlaybackEngines\AndroidPlayer\OpenJDK
JAVA_TOOL_OPTIONS=-Dfile.encoding=UTF-8
PATH=C:\Program Files\Microsoft\jdk-11.0.16.101-hotspot\bin;C:\WINDOWS\system32;C:\WINDOWS;C:\WINDOWS\System32\Wbem;C:\WINDOWS\System32\WindowsPowerShell\v1.0\;C:\WINDOWS\System32\OpenSSH\;C:\Program Files\Microsoft SQL Server\150\Tools\Binn\;C:\Program Files\Microsoft SQL Server\Client SDK\ODBC\170\Tools\Binn\;C:\Program Files\dotnet\;C:\Program Files\NVIDIA Corporation\NVIDIA NvDLISR;C:\Program Files (x86)\NVIDIA Corporation\PhysX\Common;C:\Users\phant\AppData\Local\Microsoft\WindowsApps;C:\Users\phant\.dotnet\tools;C:\Users\phant\AppData\Local\GitHubDesktop\bin
USERNAME=phant
OS=Windows_NT
PROCESSOR_IDENTIFIER=AMD64 Family 23 Model 96 Stepping 1, AuthenticAMD



---------------  S Y S T E M  ---------------

OS: Windows 11 , 64 bit Build 22621 (10.0.22621.2506)
OS uptime: 0 days 1:46 hours

CPU:total 16 (initial active 16) (16 cores per cpu, 2 threads per core) family 23 model 96 stepping 1 microcode 0x0, cmov, cx8, fxsr, mmx, sse, sse2, sse3, ssse3, sse4.1, sse4.2, popcnt, avx, avx2, aes, clmul, mmxext, 3dnowpref, lzcnt, sse4a, ht, tsc, tscinvbit, tscinv, bmi1, bmi2, adx, sha, fma

Memory: 4k page, system-wide physical 7597M (707M free)
TotalPageFile size 31149M (AvailPageFile size 123M)
current process WorkingSet (physical memory assigned to process): 10M, peak: 10M
current process commit charge ("private bytes"): 70M, peak: 190M

vm_info: OpenJDK 64-Bit Server VM (11.0.14.1+1) for windows-amd64 JRE (11.0.14.1+1), built on Feb  9 2022 01:48:27 by "" with unknown MS VC++:1916

END.
